<?xml version="1.0" encoding="UTF-8"?>
<!-- Generated by org.testng.reporters.JUnitXMLReporter -->
<testsuite ignored="5" hostname="DESKTOP-4CIJJHN" failures="0" tests="1" name="Selenium" time="17.013" errors="0" timestamp="13 10月 2019 06:34:16 GMT">
  <testcase classname="com.fang.Demo1.BrowerActions" name="webBack" time="7.305"/>
  <testcase classname="com.fang.Demo1.BrowerActions" name="webRefresh" time="0.0">
    <ignored/>
  </testcase> <!-- webRefresh -->
  <testcase classname="com.fang.Demo1.BrowerActions" name="webWindowSize" time="0.0">
    <ignored/>
  </testcase> <!-- webWindowSize -->
  <testcase classname="com.fang.Demo1.BrowerActions" name="webForward" time="0.0">
    <ignored/>
  </testcase> <!-- webForward -->
  <testcase classname="com.fang.Demo1.BrowerActions" name="openUrl" time="0.0">
    <ignored/>
  </testcase> <!-- openUrl -->
  <testcase classname="com.fang.Demo1.BrowerActions" name="webUrlEquals" time="0.0">
    <ignored/>
  </testcase> <!-- webUrlEquals -->
</testsuite> <!-- Selenium -->
