<?xml version="1.0" encoding="UTF-8"?>
<testng-results ignored="5" total="6" passed="1" failed="0" skipped="0">
  <reporter-output>
  </reporter-output>
  <suite started-at="2019-10-13T06:33:59Z" name="Default Suite" finished-at="2019-10-13T06:34:16Z" duration-ms="17013">
    <groups>
    </groups>
    <test started-at="2019-10-13T06:33:59Z" name="Selenium" finished-at="2019-10-13T06:34:16Z" duration-ms="17013">
      <class name="com.fang.Demo1.BrowerActions">
        <test-method is-config="true" signature="openBrowsers()[pri:0, instance:com.fang.Demo1.BrowerActions@683dbc2c]" started-at="2019-10-13T06:33:59Z" name="openBrowsers" finished-at="2019-10-13T06:34:07Z" duration-ms="7079" status="PASS">
          <reporter-output>
          </reporter-output>
        </test-method> <!-- openBrowsers -->
        <test-method signature="webBack()[pri:0, instance:com.fang.Demo1.BrowerActions@683dbc2c]" started-at="2019-10-13T06:34:07Z" name="webBack" finished-at="2019-10-13T06:34:14Z" duration-ms="7305" status="PASS">
          <reporter-output>
          </reporter-output>
        </test-method> <!-- webBack -->
        <test-method is-config="true" signature="closeBrowser()[pri:0, instance:com.fang.Demo1.BrowerActions@683dbc2c]" started-at="2019-10-13T06:34:14Z" name="closeBrowser" finished-at="2019-10-13T06:34:16Z" duration-ms="2611" status="PASS">
          <reporter-output>
          </reporter-output>
        </test-method> <!-- closeBrowser -->
      </class> <!-- com.fang.Demo1.BrowerActions -->
    </test> <!-- Selenium -->
  </suite> <!-- Default Suite -->
</testng-results>
